Build started 2017/6/9 23:44:20.
     1>Project "F:\gitproject\Server_dev\code2.1\xsocket\xsocket\xsocket.vcxproj" on node 2 (Build target(s)).
     1>ClCompile:
         D:\Program Files (x86)\Microsoft Visual Studio 12.0\VC\bin\CL.exe /c /ZI /nologo /W3 /WX- /Od /Oy- /D WIN32 /D _DEBUG /D _WINDOWS /D _USRDLL /D XSOCKET_EXPORTS /D _WINDLL /D _UNICODE /D UNICODE /Gm /EHsc /RTC1 /MDd /GS /fp:precise /Zc:wchar_t /Zc:forScope /Fo"Debug\\" /Fd"Debug\vc120.pdb" /Gd /TP /analyze- /errorReport:prompt XTcp.cpp
         XTcp.cpp
     1>f:\gitproject\server_dev\code2.1\xsocket\xsocket\xtcp.h(26): warning C4251: 'XTcp::ip' : class 'std::basic_string<char,std::char_traits<char>,std::allocator<char>>' needs to have dll-interface to be used by clients of class 'XTcp'
     1>f:\gitproject\server_dev\code2.1\xsocket\xsocket\xtcp.cpp(89): warning C4996: 'inet_ntoa': Use inet_ntop() or InetNtop() instead or define _WINSOCK_DEPRECATED_NO_WARNINGS to disable deprecated API warnings
                 c:\program files (x86)\windows kits\8.1\include\um\winsock2.h(1868) : see declaration of 'inet_ntoa'
       Link:
         D:\Program Files (x86)\Microsoft Visual Studio 12.0\VC\bin\link.exe /ERRORREPORT:PROMPT /OUT:"F:\gitproject\Server_dev\code2.1\xsocket\Debug\xsocket.dll" /INCREMENTAL /NOLOGO kernel32.lib user32.lib gdi32.lib winspool.lib comdlg32.lib advapi32.lib shell32.lib ole32.lib oleaut32.lib uuid.lib odbc32.lib odbccp32.lib /MANIFEST /MANIFESTUAC:"level='asInvoker' uiAccess='false'" /manifest:embed /DEBUG /PDB:"F:\gitproject\Server_dev\code2.1\xsocket\Debug\xsocket.pdb" /SUBSYSTEM:WINDOWS /TLBID:1 /DYNAMICBASE /NXCOMPAT /IMPLIB:"F:\gitproject\Server_dev\code2.1\xsocket\Debug\xsocket.lib" /MACHINE:X86 /DLL Debug\dllmain.obj
         Debug\stdafx.obj
         Debug\xsocket.obj
         Debug\XTcp.obj
            Creating library F:\gitproject\Server_dev\code2.1\xsocket\Debug\xsocket.lib and object F:\gitproject\Server_dev\code2.1\xsocket\Debug\xsocket.exp
     1>XTcp.obj : error LNK2019: unresolved external symbol __imp__accept@12 referenced in function "public: int __thiscall XTcp::Accept(void)" (?Accept@XTcp@@QAEHXZ)
     1>XTcp.obj : error LNK2019: unresolved external symbol __imp__bind@12 referenced in function "public: bool __thiscall XTcp::Bind(unsigned short)" (?Bind@XTcp@@QAE_NG@Z)
     1>XTcp.obj : error LNK2019: unresolved external symbol __imp__closesocket@4 referenced in function "public: void __thiscall XTcp::Close(int)" (?Close@XTcp@@QAEXH@Z)
     1>XTcp.obj : error LNK2019: unresolved external symbol __imp__htonl@4 referenced in function "public: bool __thiscall XTcp::Bind(unsigned short)" (?Bind@XTcp@@QAE_NG@Z)
     1>XTcp.obj : error LNK2019: unresolved external symbol __imp__htons@4 referenced in function "public: bool __thiscall XTcp::Bind(unsigned short)" (?Bind@XTcp@@QAE_NG@Z)
     1>XTcp.obj : error LNK2019: unresolved external symbol __imp__inet_ntoa@4 referenced in function "public: int __thiscall XTcp::Accept(void)" (?Accept@XTcp@@QAEHXZ)
     1>XTcp.obj : error LNK2019: unresolved external symbol __imp__listen@8 referenced in function "public: bool __thiscall XTcp::Bind(unsigned short)" (?Bind@XTcp@@QAE_NG@Z)
     1>XTcp.obj : error LNK2019: unresolved external symbol __imp__ntohs@4 referenced in function "public: int __thiscall XTcp::Accept(void)" (?Accept@XTcp@@QAEHXZ)
     1>XTcp.obj : error LNK2019: unresolved external symbol __imp__recv@16 referenced in function "public: int __thiscall XTcp::Recv(char *,int)" (?Recv@XTcp@@QAEHPADH@Z)
     1>XTcp.obj : error LNK2019: unresolved external symbol __imp__send@16 referenced in function "public: int __thiscall XTcp::Send(char const *,int)" (?Send@XTcp@@QAEHPBDH@Z)
     1>XTcp.obj : error LNK2019: unresolved external symbol __imp__socket@12 referenced in function "public: int __thiscall XTcp::CreateSocket(void)" (?CreateSocket@XTcp@@QAEHXZ)
     1>XTcp.obj : error LNK2019: unresolved external symbol __imp__WSAStartup@8 referenced in function "public: __thiscall XTcp::XTcp(void)" (??0XTcp@@QAE@XZ)
     1>F:\gitproject\Server_dev\code2.1\xsocket\Debug\xsocket.dll : fatal error LNK1120: 12 unresolved externals
     1>Done Building Project "F:\gitproject\Server_dev\code2.1\xsocket\xsocket\xsocket.vcxproj" (Build target(s)) -- FAILED.

Build FAILED.

Time Elapsed 00:00:01.25
